{"/Users/alex/work/diceware.ro/src/constants/constants.ts": {"path":"/Users/alex/work/diceware.ro/src/constants/constants.ts","statementMap":{"0":{"start":{"line":5,"column":13},"end":{"line":242,"column":2}},"1":{"start":{"line":243,"column":13},"end":{"line":243,"column":71}}},"fnMap":{},"branchMap":{},"s":{"0":1,"1":1},"f":{},"b":{}}
,"/Users/alex/work/diceware.ro/src/helpers/get-next-search-pattern/get-next-search-pattern.ts": {"path":"/Users/alex/work/diceware.ro/src/helpers/get-next-search-pattern/get-next-search-pattern.ts","statementMap":{"0":{"start":{"line":1,"column":13},"end":{"line":1,"column":41}},"1":{"start":{"line":8,"column":36},"end":{"line":37,"column":1}},"2":{"start":{"line":9,"column":26},"end":{"line":9,"column":54}},"3":{"start":{"line":11,"column":2},"end":{"line":13,"column":3}},"4":{"start":{"line":12,"column":4},"end":{"line":12,"column":16}},"5":{"start":{"line":15,"column":21},"end":{"line":15,"column":65}},"6":{"start":{"line":16,"column":27},"end":{"line":16,"column":51}},"7":{"start":{"line":22,"column":2},"end":{"line":27,"column":3}},"8":{"start":{"line":23,"column":28},"end":{"line":23,"column":52}},"9":{"start":{"line":24,"column":28},"end":{"line":24,"column":68}},"10":{"start":{"line":26,"column":4},"end":{"line":26,"column":34}},"11":{"start":{"line":29,"column":24},"end":{"line":29,"column":34}},"12":{"start":{"line":30,"column":30},"end":{"line":30,"column":71}},"13":{"start":{"line":36,"column":2},"end":{"line":36,"column":49}},"14":{"start":{"line":8,"column":13},"end":{"line":8,"column":36}}},"fnMap":{"0":{"name":"(anonymous_0)","decl":{"start":{"line":8,"column":36},"end":{"line":8,"column":37}},"loc":{"start":{"line":8,"column":52},"end":{"line":37,"column":1}}}},"branchMap":{"0":{"loc":{"start":{"line":9,"column":26},"end":{"line":9,"column":54}},"type":"binary-expr","locations":[{"start":{"line":9,"column":26},"end":{"line":9,"column":48}},{"start":{"line":9,"column":52},"end":{"line":9,"column":54}}]},"1":{"loc":{"start":{"line":11,"column":2},"end":{"line":13,"column":3}},"type":"if","locations":[{"start":{"line":11,"column":2},"end":{"line":13,"column":3}}]},"2":{"loc":{"start":{"line":11,"column":6},"end":{"line":11,"column":61}},"type":"binary-expr","locations":[{"start":{"line":11,"column":6},"end":{"line":11,"column":20}},{"start":{"line":11,"column":24},"end":{"line":11,"column":61}}]},"3":{"loc":{"start":{"line":22,"column":2},"end":{"line":27,"column":3}},"type":"if","locations":[{"start":{"line":22,"column":2},"end":{"line":27,"column":3}}]}},"s":{"0":1,"1":1,"2":20,"3":20,"4":5,"5":15,"6":15,"7":15,"8":5,"9":5,"10":5,"11":10,"12":10,"13":10,"14":1},"f":{"0":20},"b":{"0":[20,3],"1":[5],"2":[20,17],"3":[5]}}
,"/Users/alex/work/diceware.ro/src/helpers/get-similarity-percentage/get-similarity-percentage.ts": {"path":"/Users/alex/work/diceware.ro/src/helpers/get-similarity-percentage/get-similarity-percentage.ts","statementMap":{"0":{"start":{"line":6,"column":39},"end":{"line":31,"column":1}},"1":{"start":{"line":10,"column":2},"end":{"line":12,"column":3}},"2":{"start":{"line":11,"column":4},"end":{"line":11,"column":18}},"3":{"start":{"line":14,"column":20},"end":{"line":14,"column":56}},"4":{"start":{"line":15,"column":20},"end":{"line":15,"column":56}},"5":{"start":{"line":17,"column":29},"end":{"line":17,"column":30}},"6":{"start":{"line":19,"column":2},"end":{"line":25,"column":3}},"7":{"start":{"line":19,"column":15},"end":{"line":19,"column":16}},"8":{"start":{"line":20,"column":4},"end":{"line":22,"column":5}},"9":{"start":{"line":21,"column":6},"end":{"line":21,"column":12}},"10":{"start":{"line":24,"column":4},"end":{"line":24,"column":27}},"11":{"start":{"line":27,"column":2},"end":{"line":30,"column":4}},"12":{"start":{"line":6,"column":13},"end":{"line":6,"column":39}}},"fnMap":{"0":{"name":"(anonymous_0)","decl":{"start":{"line":6,"column":39},"end":{"line":6,"column":null}},"loc":{"start":{"line":9,"column":22},"end":{"line":31,"column":1}}}},"branchMap":{"0":{"loc":{"start":{"line":10,"column":2},"end":{"line":12,"column":3}},"type":"if","locations":[{"start":{"line":10,"column":2},"end":{"line":12,"column":3}}]},"1":{"loc":{"start":{"line":10,"column":6},"end":{"line":10,"column":22}},"type":"binary-expr","locations":[{"start":{"line":10,"column":6},"end":{"line":10,"column":12}},{"start":{"line":10,"column":16},"end":{"line":10,"column":22}}]},"2":{"loc":{"start":{"line":20,"column":4},"end":{"line":22,"column":5}},"type":"if","locations":[{"start":{"line":20,"column":4},"end":{"line":22,"column":5}}]}},"s":{"0":2,"1":20,"2":3,"3":17,"4":17,"5":17,"6":17,"7":17,"8":55,"9":15,"10":40,"11":17,"12":2},"f":{"0":20},"b":{"0":[3],"1":[20,18],"2":[15]}}
,"/Users/alex/work/diceware.ro/src/helpers/get-words-from-dictionary/get-words-from-dictionary.ts": {"path":"/Users/alex/work/diceware.ro/src/helpers/get-words-from-dictionary/get-words-from-dictionary.ts","statementMap":{"0":{"start":{"line":1,"column":0},"end":{"line":1,"column":31}},"1":{"start":{"line":3,"column":0},"end":{"line":3,"column":63}},"2":{"start":{"line":5,"column":0},"end":{"line":5,"column":93}},"3":{"start":{"line":6,"column":0},"end":{"line":6,"column":81}},"4":{"start":{"line":13,"column":38},"end":{"line":41,"column":1}},"5":{"start":{"line":14,"column":2},"end":{"line":40,"column":3}},"6":{"start":{"line":15,"column":21},"end":{"line":15,"column":37}},"7":{"start":{"line":16,"column":17},"end":{"line":16,"column":38}},"8":{"start":{"line":17,"column":22},"end":{"line":17,"column":44}},"9":{"start":{"line":18,"column":30},"end":{"line":18,"column":55}},"10":{"start":{"line":20,"column":4},"end":{"line":22,"column":6}},"11":{"start":{"line":24,"column":4},"end":{"line":26,"column":5}},"12":{"start":{"line":25,"column":6},"end":{"line":25,"column":23}},"13":{"start":{"line":28,"column":4},"end":{"line":37,"column":5}},"14":{"start":{"line":29,"column":28},"end":{"line":30,"column":null}},"15":{"start":{"line":33,"column":6},"end":{"line":33,"column":46}},"16":{"start":{"line":35,"column":6},"end":{"line":35,"column":69}},"17":{"start":{"line":36,"column":6},"end":{"line":36,"column":23}},"18":{"start":{"line":39,"column":4},"end":{"line":39,"column":14}},"19":{"start":{"line":13,"column":13},"end":{"line":13,"column":38}}},"fnMap":{"0":{"name":"(anonymous_0)","decl":{"start":{"line":13,"column":38},"end":{"line":13,"column":43}},"loc":{"start":{"line":13,"column":60},"end":{"line":41,"column":1}}}},"branchMap":{"0":{"loc":{"start":{"line":24,"column":4},"end":{"line":26,"column":5}},"type":"if","locations":[{"start":{"line":24,"column":4},"end":{"line":26,"column":5}}]}},"s":{"0":1,"1":1,"2":1,"3":1,"4":1,"5":6,"6":6,"7":4,"8":4,"9":4,"10":4,"11":4,"12":2,"13":2,"14":2,"15":2,"16":0,"17":0,"18":2,"19":1},"f":{"0":6},"b":{"0":[2]}}
,"/Users/alex/work/diceware.ro/src/helpers/get-words-from-elements/get-words-from-elements.ts": {"path":"/Users/alex/work/diceware.ro/src/helpers/get-words-from-elements/get-words-from-elements.ts","statementMap":{"0":{"start":{"line":1,"column":0},"end":{"line":1,"column":100}},"1":{"start":{"line":3,"column":13},"end":{"line":3,"column":30}},"2":{"start":{"line":4,"column":13},"end":{"line":4,"column":30}},"3":{"start":{"line":5,"column":13},"end":{"line":5,"column":45}},"4":{"start":{"line":6,"column":13},"end":{"line":6,"column":46}},"5":{"start":{"line":18,"column":36},"end":{"line":73,"column":1}},"6":{"start":{"line":19,"column":32},"end":{"line":19,"column":34}},"7":{"start":{"line":20,"column":17},"end":{"line":20,"column":19}},"8":{"start":{"line":22,"column":2},"end":{"line":70,"column":3}},"9":{"start":{"line":22,"column":15},"end":{"line":22,"column":16}},"10":{"start":{"line":23,"column":20},"end":{"line":23,"column":31}},"11":{"start":{"line":30,"column":15},"end":{"line":34,"column":13}},"12":{"start":{"line":36,"column":4},"end":{"line":38,"column":5}},"13":{"start":{"line":37,"column":6},"end":{"line":37,"column":15}},"14":{"start":{"line":40,"column":4},"end":{"line":42,"column":5}},"15":{"start":{"line":41,"column":6},"end":{"line":41,"column":15}},"16":{"start":{"line":43,"column":4},"end":{"line":45,"column":5}},"17":{"start":{"line":44,"column":6},"end":{"line":44,"column":15}},"18":{"start":{"line":46,"column":4},"end":{"line":60,"column":5}},"19":{"start":{"line":48,"column":8},"end":{"line":48,"column":47}},"20":{"start":{"line":54,"column":6},"end":{"line":59,"column":7}},"21":{"start":{"line":58,"column":8},"end":{"line":58,"column":17}},"22":{"start":{"line":61,"column":4},"end":{"line":63,"column":5}},"23":{"start":{"line":62,"column":6},"end":{"line":62,"column":15}},"24":{"start":{"line":64,"column":4},"end":{"line":66,"column":5}},"25":{"start":{"line":65,"column":6},"end":{"line":65,"column":15}},"26":{"start":{"line":68,"column":4},"end":{"line":68,"column":29}},"27":{"start":{"line":69,"column":4},"end":{"line":69,"column":20}},"28":{"start":{"line":72,"column":2},"end":{"line":72,"column":23}},"29":{"start":{"line":18,"column":13},"end":{"line":18,"column":36}}},"fnMap":{"0":{"name":"(anonymous_0)","decl":{"start":{"line":18,"column":36},"end":{"line":18,"column":37}},"loc":{"start":{"line":18,"column":60},"end":{"line":73,"column":1}}}},"branchMap":{"0":{"loc":{"start":{"line":36,"column":4},"end":{"line":38,"column":5}},"type":"if","locations":[{"start":{"line":36,"column":4},"end":{"line":38,"column":5}}]},"1":{"loc":{"start":{"line":36,"column":8},"end":{"line":36,"column":73}},"type":"binary-expr","locations":[{"start":{"line":36,"column":8},"end":{"line":36,"column":13}},{"start":{"line":36,"column":17},"end":{"line":36,"column":43}},{"start":{"line":36,"column":47},"end":{"line":36,"column":73}}]},"2":{"loc":{"start":{"line":40,"column":4},"end":{"line":42,"column":5}},"type":"if","locations":[{"start":{"line":40,"column":4},"end":{"line":42,"column":5}}]},"3":{"loc":{"start":{"line":43,"column":4},"end":{"line":45,"column":5}},"type":"if","locations":[{"start":{"line":43,"column":4},"end":{"line":45,"column":5}}]},"4":{"loc":{"start":{"line":46,"column":4},"end":{"line":60,"column":5}},"type":"if","locations":[{"start":{"line":46,"column":4},"end":{"line":60,"column":5}}]},"5":{"loc":{"start":{"line":54,"column":6},"end":{"line":59,"column":7}},"type":"if","locations":[{"start":{"line":54,"column":6},"end":{"line":59,"column":7}}]},"6":{"loc":{"start":{"line":55,"column":8},"end":{"line":56,"column":63}},"type":"binary-expr","locations":[{"start":{"line":55,"column":8},"end":{"line":55,"column":61}},{"start":{"line":56,"column":8},"end":{"line":56,"column":63}}]},"7":{"loc":{"start":{"line":61,"column":4},"end":{"line":63,"column":5}},"type":"if","locations":[{"start":{"line":61,"column":4},"end":{"line":63,"column":5}}]},"8":{"loc":{"start":{"line":64,"column":4},"end":{"line":66,"column":5}},"type":"if","locations":[{"start":{"line":64,"column":4},"end":{"line":66,"column":5}}]}},"s":{"0":1,"1":1,"2":1,"3":1,"4":1,"5":1,"6":11,"7":11,"8":11,"9":11,"10":29,"11":29,"12":29,"13":9,"14":20,"15":4,"16":16,"17":2,"18":14,"19":6,"20":6,"21":2,"22":12,"23":0,"24":12,"25":2,"26":10,"27":10,"28":11,"29":1},"f":{"0":11},"b":{"0":[9],"1":[29,27,25],"2":[4],"3":[2],"4":[6],"5":[2],"6":[6,2],"7":[0],"8":[2]}}
,"/Users/alex/work/diceware.ro/src/helpers/get-words-from-html/get-words-from-html.ts": {"path":"/Users/alex/work/diceware.ro/src/helpers/get-words-from-html/get-words-from-html.ts","statementMap":{"0":{"start":{"line":1,"column":0},"end":{"line":1,"column":30}},"1":{"start":{"line":3,"column":0},"end":{"line":3,"column":93}},"2":{"start":{"line":5,"column":13},"end":{"line":5,"column":50}},"3":{"start":{"line":10,"column":32},"end":{"line":21,"column":1}},"4":{"start":{"line":11,"column":14},"end":{"line":11,"column":29}},"5":{"start":{"line":12,"column":22},"end":{"line":12,"column":74}},"6":{"start":{"line":14,"column":2},"end":{"line":16,"column":3}},"7":{"start":{"line":15,"column":4},"end":{"line":15,"column":14}},"8":{"start":{"line":18,"column":24},"end":{"line":18,"column":56}},"9":{"start":{"line":20,"column":2},"end":{"line":20,"column":45}},"10":{"start":{"line":10,"column":13},"end":{"line":10,"column":32}}},"fnMap":{"0":{"name":"(anonymous_0)","decl":{"start":{"line":10,"column":32},"end":{"line":10,"column":33}},"loc":{"start":{"line":10,"column":59},"end":{"line":21,"column":1}}}},"branchMap":{"0":{"loc":{"start":{"line":14,"column":2},"end":{"line":16,"column":3}},"type":"if","locations":[{"start":{"line":14,"column":2},"end":{"line":16,"column":3}}]}},"s":{"0":1,"1":1,"2":1,"3":1,"4":3,"5":3,"6":3,"7":1,"8":2,"9":2,"10":1},"f":{"0":3},"b":{"0":[1]}}
,"/Users/alex/work/diceware.ro/src/helpers/save-words-to-file/save-words-to-file.ts": {"path":"/Users/alex/work/diceware.ro/src/helpers/save-words-to-file/save-words-to-file.ts","statementMap":{"0":{"start":{"line":1,"column":0},"end":{"line":1,"column":39}},"1":{"start":{"line":3,"column":0},"end":{"line":3,"column":60}},"2":{"start":{"line":5,"column":13},"end":{"line":5,"column":42}},"3":{"start":{"line":10,"column":31},"end":{"line":35,"column":1}},"4":{"start":{"line":14,"column":2},"end":{"line":34,"column":3}},"5":{"start":{"line":15,"column":25},"end":{"line":15,"column":51}},"6":{"start":{"line":16,"column":23},"end":{"line":16,"column":50}},"7":{"start":{"line":17,"column":17},"end":{"line":17,"column":48}},"8":{"start":{"line":23,"column":4},"end":{"line":25,"column":7}},"9":{"start":{"line":24,"column":6},"end":{"line":24,"column":35}},"10":{"start":{"line":26,"column":4},"end":{"line":26,"column":45}},"11":{"start":{"line":27,"column":4},"end":{"line":27,"column":15}},"12":{"start":{"line":29,"column":4},"end":{"line":31,"column":6}},"13":{"start":{"line":33,"column":4},"end":{"line":33,"column":46}},"14":{"start":{"line":10,"column":13},"end":{"line":10,"column":31}}},"fnMap":{"0":{"name":"(anonymous_0)","decl":{"start":{"line":10,"column":31},"end":{"line":10,"column":36}},"loc":{"start":{"line":13,"column":19},"end":{"line":35,"column":1}}},"1":{"name":"(anonymous_1)","decl":{"start":{"line":23,"column":21},"end":{"line":23,"column":22}},"loc":{"start":{"line":23,"column":29},"end":{"line":25,"column":5}}}},"branchMap":{},"s":{"0":1,"1":1,"2":1,"3":1,"4":3,"5":3,"6":3,"7":3,"8":2,"9":1,"10":1,"11":1,"12":1,"13":2,"14":1},"f":{"0":3,"1":1},"b":{}}
}
