TN:
SF:src/constants/constants.ts
FNF:0
FNH:0
DA:5,1
DA:243,1
LF:2
LH:2
BRF:0
BRH:0
end_of_record
TN:
SF:src/helpers/get-next-search-pattern/get-next-search-pattern.ts
FN:8,(anonymous_0)
FNF:1
FNH:1
FNDA:20,(anonymous_0)
DA:1,1
DA:8,1
DA:9,20
DA:11,20
DA:12,5
DA:15,15
DA:16,15
DA:22,15
DA:23,5
DA:24,5
DA:26,5
DA:29,10
DA:30,10
DA:36,10
LF:14
LH:14
BRDA:9,0,0,20
BRDA:9,0,1,3
BRDA:11,1,0,5
BRDA:11,2,0,20
BRDA:11,2,1,17
BRDA:22,3,0,5
BRF:6
BRH:6
end_of_record
TN:
SF:src/helpers/get-similarity-percentage/get-similarity-percentage.ts
FN:6,(anonymous_0)
FNF:1
FNH:1
FNDA:20,(anonymous_0)
DA:6,2
DA:10,20
DA:11,3
DA:14,17
DA:15,17
DA:17,17
DA:19,17
DA:20,55
DA:21,15
DA:24,40
DA:27,17
LF:11
LH:11
BRDA:10,0,0,3
BRDA:10,1,0,20
BRDA:10,1,1,18
BRDA:20,2,0,15
BRF:4
BRH:4
end_of_record
TN:
SF:src/helpers/get-words-from-dictionary/get-words-from-dictionary.ts
FN:13,(anonymous_0)
FNF:1
FNH:1
FNDA:6,(anonymous_0)
DA:1,1
DA:3,1
DA:5,1
DA:6,1
DA:13,1
DA:14,6
DA:15,6
DA:16,4
DA:17,4
DA:18,4
DA:20,4
DA:24,4
DA:25,2
DA:28,2
DA:29,2
DA:33,2
DA:35,0
DA:36,0
DA:39,2
LF:19
LH:17
BRDA:24,0,0,2
BRF:1
BRH:1
end_of_record
TN:
SF:src/helpers/get-words-from-elements/get-words-from-elements.ts
FN:18,(anonymous_0)
FNF:1
FNH:1
FNDA:11,(anonymous_0)
DA:1,1
DA:3,1
DA:4,1
DA:5,1
DA:6,1
DA:18,1
DA:19,11
DA:20,11
DA:22,11
DA:23,29
DA:30,29
DA:36,29
DA:37,9
DA:40,20
DA:41,4
DA:43,16
DA:44,2
DA:46,14
DA:48,6
DA:54,6
DA:58,2
DA:61,12
DA:62,0
DA:64,12
DA:65,2
DA:68,10
DA:69,10
DA:72,11
LF:28
LH:27
BRDA:36,0,0,9
BRDA:36,1,0,29
BRDA:36,1,1,27
BRDA:36,1,2,25
BRDA:40,2,0,4
BRDA:43,3,0,2
BRDA:46,4,0,6
BRDA:54,5,0,2
BRDA:55,6,0,6
BRDA:55,6,1,2
BRDA:61,7,0,0
BRDA:64,8,0,2
BRF:12
BRH:11
end_of_record
TN:
SF:src/helpers/get-words-from-html/get-words-from-html.ts
FN:10,(anonymous_0)
FNF:1
FNH:1
FNDA:3,(anonymous_0)
DA:1,1
DA:3,1
DA:5,1
DA:10,1
DA:11,3
DA:12,3
DA:14,3
DA:15,1
DA:18,2
DA:20,2
LF:10
LH:10
BRDA:14,0,0,1
BRF:1
BRH:1
end_of_record
TN:
SF:src/helpers/save-words-to-file/save-words-to-file.ts
FN:10,(anonymous_0)
FN:23,(anonymous_1)
FNF:2
FNH:2
FNDA:3,(anonymous_0)
FNDA:1,(anonymous_1)
DA:1,1
DA:3,1
DA:5,1
DA:10,1
DA:14,3
DA:15,3
DA:16,3
DA:17,3
DA:23,2
DA:24,1
DA:26,1
DA:27,1
DA:29,1
DA:33,2
LF:14
LH:14
BRF:0
BRH:0
end_of_record
